<?xml version="1.0" encoding="UTF-8"?>
<!-- Generated by org.testng.reporters.JUnitReportReporter -->
<testsuite hostname="Diksha" failures="0" tests="2" name="TestingFramework.Tests.SubmitOrder" time="92.338" errors="0" timestamp="03 Jun 2024 13:25:39 GMT" skipped="0">
  <testcase classname="TestingFramework.Tests.SubmitOrder" name="SubmitOrderTest" time="6.245"/>
  <testcase classname="TestingFramework.Tests.SubmitOrder" name="SubmitOrderTest" time="86.093"/>
</testsuite> <!-- TestingFramework.Tests.SubmitOrder -->
