<?xml version="1.0" encoding="UTF-8"?>
<!-- Generated by org.testng.reporters.JUnitReportReporter -->
<testsuite hostname="Diksha" failures="0" tests="2" name="TestingFramework.Tests.SubmitOrder" time="17.804" errors="0" timestamp="01 Jun 2024 14:05:36 GMT" skipped="0">
  <testcase classname="TestingFramework.Tests.SubmitOrder" name="SubmitOrderTest" time="9.695"/>
  <testcase classname="TestingFramework.Tests.SubmitOrder" name="SubmitOrderTest" time="8.109"/>
</testsuite> <!-- TestingFramework.Tests.SubmitOrder -->
